# JRE version: OpenJDK Runtime Environment (8.0_212-b04) (build 1.8.0_212-release-1586-b04)
# Java VM: OpenJDK 64-Bit Server VM (25.212-b04 mixed mode windows-amd64 compressed oops)
Heap:
 PSYoungGen      total 418816K, used 402479K [0x00000000e0000000, 0x0000000100000000, 0x0000000100000000)
  eden space 332800K, 99% used [0x00000000e0000000,0x00000000f435a600,0x00000000f4500000)
  from space 86016K, 82% used [0x00000000fac00000,0x00000000ff1b1938,0x0000000100000000)
  to   space 95744K, 0% used [0x00000000f4500000,0x00000000f4500000,0x00000000fa280000)
 ParOldGen       total 200192K, used 155942K [0x00000000a0000000, 0x00000000ac380000, 0x00000000e0000000)
  object space 200192K, 77% used [0x00000000a0000000,0x00000000a9849980,0x00000000ac380000)
 Metaspace       used 92708K, capacity 96316K, committed 96600K, reserved 1134592K
  class space    used 13332K, capacity 14149K, committed 14168K, reserved 1048576K
GC Heap History (10 events):
Event: 69.687 GC heap before
{Heap before GC invocations=20 (full 4):
 PSYoungGen      total 363008K, used 39920K [0x00000000e0000000, 0x00000000faa00000, 0x0000000100000000)
  eden space 323072K, 0% used [0x00000000e0000000,0x00000000e0000000,0x00000000f3b80000)
  from space 39936K, 99% used [0x00000000f7000000,0x00000000f96fc140,0x00000000f9700000)
  to   space 53760K, 0% used [0x00000000f3b80000,0x00000000f3b80000,0x00000000f7000000)
 ParOldGen       total 111616K, used 93516K [0x00000000a0000000, 0x00000000a6d00000, 0x00000000e0000000)
  object space 111616K, 83% used [0x00000000a0000000,0x00000000a5b53178,0x00000000a6d00000)
 Metaspace       used 78930K, capacity 81484K, committed 81752K, reserved 1118208K
  class space    used 11467K, capacity 12081K, committed 12120K, reserved 1048576K
Event: 69.979 GC heap after
Heap after GC invocations=20 (full 4):
 PSYoungGen      total 363008K, used 0K [0x00000000e0000000, 0x00000000faa00000, 0x0000000100000000)
  eden space 323072K, 0% used [0x00000000e0000000,0x00000000e0000000,0x00000000f3b80000)
  from space 39936K, 0% used [0x00000000f7000000,0x00000000f7000000,0x00000000f9700000)
  to   space 53760K, 0% used [0x00000000f3b80000,0x00000000f3b80000,0x00000000f7000000)
 ParOldGen       total 200192K, used 82757K [0x00000000a0000000, 0x00000000ac380000, 0x00000000e0000000)
  object space 200192K, 41% used [0x00000000a0000000,0x00000000a50d15c0,0x00000000ac380000)
 Metaspace       used 78854K, capacity 81278K, committed 81752K, reserved 1118208K
  class space    used 11443K, capacity 12038K, committed 12120K, reserved 1048576K
}
Event: 72.549 GC heap before
{Heap before GC invocations=21 (full 4):
 PSYoungGen      total 363008K, used 323072K [0x00000000e0000000, 0x00000000faa00000, 0x0000000100000000)
  eden space 323072K, 100% used [0x00000000e0000000,0x00000000f3b80000,0x00000000f3b80000)
  from space 39936K, 0% used [0x00000000f7000000,0x00000000f7000000,0x00000000f9700000)
  to   space 53760K, 0% used [0x00000000f3b80000,0x00000000f3b80000,0x00000000f7000000)
 ParOldGen       total 200192K, used 82757K [0x00000000a0000000, 0x00000000ac380000, 0x00000000e0000000)
  object space 200192K, 41% used [0x00000000a0000000,0x00000000a50d15c0,0x00000000ac380000)
 Metaspace       used 78854K, capacity 81278K, committed 81752K, reserved 1118208K
  class space    used 11443K, capacity 12038K, committed 12120K, reserved 1048576K
Event: 72.677 GC heap after
Heap after GC invocations=21 (full 4):
 PSYoungGen      total 376832K, used 12553K [0x00000000e0000000, 0x00000000fdb00000, 0x0000000100000000)
  eden space 323072K, 0% used [0x00000000e0000000,0x00000000e0000000,0x00000000f3b80000)
  from space 53760K, 23% used [0x00000000f3b80000,0x00000000f47c2558,0x00000000f7000000)
  to   space 51200K, 0% used [0x00000000fa900000,0x00000000fa900000,0x00000000fdb00000)
 ParOldGen       total 200192K, used 82757K [0x00000000a0000000, 0x00000000ac380000, 0x00000000e0000000)
  object space 200192K, 41% used [0x00000000a0000000,0x00000000a50d15c0,0x00000000ac380000)
 Metaspace       used 78854K, capacity 81278K, committed 81752K, reserved 1118208K
  class space    used 11443K, capacity 12038K, committed 12120K, reserved 1048576K
}
Event: 75.125 GC heap before
{Heap before GC invocations=22 (full 4):
 PSYoungGen      total 376832K, used 335625K [0x00000000e0000000, 0x00000000fdb00000, 0x0000000100000000)
  eden space 323072K, 100% used [0x00000000e0000000,0x00000000f3b80000,0x00000000f3b80000)
  from space 53760K, 23% used [0x00000000f3b80000,0x00000000f47c2558,0x00000000f7000000)
  to   space 51200K, 0% used [0x00000000fa900000,0x00000000fa900000,0x00000000fdb00000)
 ParOldGen       total 200192K, used 82757K [0x00000000a0000000, 0x00000000ac380000, 0x00000000e0000000)
  object space 200192K, 41% used [0x00000000a0000000,0x00000000a50d15c0,0x00000000ac380000)
 Metaspace       used 79817K, capacity 82386K, committed 82648K, reserved 1120256K
  class space    used 11560K, capacity 12154K, committed 12248K, reserved 1048576K
Event: 75.188 GC heap after
Heap after GC invocations=22 (full 4):
 PSYoungGen      total 429568K, used 42390K [0x00000000e0000000, 0x00000000fe380000, 0x0000000100000000)
  eden space 378368K, 0% used [0x00000000e0000000,0x00000000e0000000,0x00000000f7180000)
  from space 51200K, 82% used [0x00000000fa900000,0x00000000fd265b48,0x00000000fdb00000)
  to   space 56832K, 0% used [0x00000000f7180000,0x00000000f7180000,0x00000000fa900000)
 ParOldGen       total 200192K, used 82765K [0x00000000a0000000, 0x00000000ac380000, 0x00000000e0000000)
  object space 200192K, 41% used [0x00000000a0000000,0x00000000a50d35c0,0x00000000ac380000)
 Metaspace       used 79817K, capacity 82386K, committed 82648K, reserved 1120256K
  class space    used 11560K, capacity 12154K, committed 12248K, reserved 1048576K
}
Event: 89.646 GC heap before
{Heap before GC invocations=23 (full 4):
 PSYoungGen      total 429568K, used 420758K [0x00000000e0000000, 0x00000000fe380000, 0x0000000100000000)
  eden space 378368K, 100% used [0x00000000e0000000,0x00000000f7180000,0x00000000f7180000)
  from space 51200K, 82% used [0x00000000fa900000,0x00000000fd265b48,0x00000000fdb00000)
  to   space 56832K, 0% used [0x00000000f7180000,0x00000000f7180000,0x00000000fa900000)
 ParOldGen       total 200192K, used 82765K [0x00000000a0000000, 0x00000000ac380000, 0x00000000e0000000)
  object space 200192K, 41% used [0x00000000a0000000,0x00000000a50d35c0,0x00000000ac380000)
 Metaspace       used 89004K, capacity 92398K, committed 92504K, reserved 1128448K
  class space    used 12870K, capacity 13622K, committed 13656K, reserved 1048576K
Event: 89.786 GC heap after
Heap after GC invocations=23 (full 4):
 PSYoungGen      total 435200K, used 56803K [0x00000000e0000000, 0x0000000100000000, 0x0000000100000000)
  eden space 378368K, 0% used [0x00000000e0000000,0x00000000e0000000,0x00000000f7180000)
  from space 56832K, 99% used [0x00000000f7180000,0x00000000fa8f8d70,0x00000000fa900000)
  to   space 86016K, 0% used [0x00000000fac00000,0x00000000fac00000,0x0000000100000000)
 ParOldGen       total 200192K, used 136139K [0x00000000a0000000, 0x00000000ac380000, 0x00000000e0000000)
  object space 200192K, 68% used [0x00000000a0000000,0x00000000a84f2d10,0x00000000ac380000)
 Metaspace       used 89004K, capacity 92398K, committed 92504K, reserved 1128448K
  class space    used 12870K, capacity 13622K, committed 13656K, reserved 1048576K
}
Event: 94.648 GC heap before
{Heap before GC invocations=24 (full 4):
 PSYoungGen      total 435200K, used 435171K [0x00000000e0000000, 0x0000000100000000, 0x0000000100000000)
  eden space 378368K, 100% used [0x00000000e0000000,0x00000000f7180000,0x00000000f7180000)
  from space 56832K, 99% used [0x00000000f7180000,0x00000000fa8f8d70,0x00000000fa900000)
  to   space 86016K, 0% used [0x00000000fac00000,0x00000000fac00000,0x0000000100000000)
 ParOldGen       total 200192K, used 136205K [0x00000000a0000000, 0x00000000ac380000, 0x00000000e0000000)
  object space 200192K, 68% used [0x00000000a0000000,0x00000000a8503450,0x00000000ac380000)
 Metaspace       used 92537K, capacity 96102K, committed 96344K, reserved 1132544K
  class space    used 13316K, capacity 14146K, committed 14168K, reserved 1048576K
Event: 94.769 GC heap after
Heap after GC invocations=24 (full 4):
 PSYoungGen      total 418816K, used 71366K [0x00000000e0000000, 0x0000000100000000, 0x0000000100000000)
  eden space 332800K, 0% used [0x00000000e0000000,0x00000000e0000000,0x00000000f4500000)
  from space 86016K, 82% used [0x00000000fac00000,0x00000000ff1b1938,0x0000000100000000)
  to   space 95744K, 0% used [0x00000000f4500000,0x00000000f4500000,0x00000000fa280000)
 ParOldGen       total 200192K, used 155942K [0x00000000a0000000, 0x00000000ac380000, 0x00000000e0000000)
  object space 200192K, 77% used [0x00000000a0000000,0x00000000a9849980,0x00000000ac380000)
 Metaspace       used 92537K, capacity 96102K, committed 96344K, reserved 1132544K
  class space    used 13316K, capacity 14146K, committed 14168K, reserved 1048576K
}

